2024-03-31 16:06:30,544 INFO main auth user: admin
2024-04-04 14:20:51,355 INFO main logout user: admin
2024-04-04 14:21:01,766 INFO main auth user: admin
2024-04-04 14:25:36,995 INFO main logout user: admin
2024-04-04 14:25:44,563 INFO main auth user: admin5
2024-04-04 14:25:53,363 INFO main Create new query, Owner: admin, landlord: admin5, Realty: Realty2
2024-04-04 14:26:38,547 INFO main Delete query, Owner: admin, name: Realty2
2024-04-04 14:26:44,324 INFO main logout user: admin5
2024-04-04 14:26:49,551 INFO main auth user: admin
2024-04-04 15:00:07,218 INFO main Accept new query, Owner: admin, landlord: admin5, Realty: Realty2
2024-04-12 16:11:40,070 INFO main logout user: admin
2024-04-12 16:31:52,594 INFO main auth user: admin
2024-04-12 16:31:55,523 INFO main logout user: admin
2024-04-12 16:34:32,889 INFO main auth user: admin
2024-04-16 12:49:19,997 INFO main Delete new realty, Owner: admin, name: Realty3
2024-04-16 12:49:23,300 INFO main Delete new realty, Owner: admin, name: Realty6
2024-04-16 14:24:20,593 INFO main logout user: admin
2024-04-16 14:26:47,540 INFO main Register user: test_user2
2024-04-16 14:28:21,687 INFO main logout user: test_user2
2024-04-16 14:28:30,766 INFO main auth user: admin
2024-04-16 16:22:38,533 INFO main Delete realty, Owner: Employee1, name: Realty10
2024-04-16 16:23:24,263 INFO main Delete realty, Owner: Employee1, name: Realty10
2024-04-16 16:23:30,539 INFO main Delete realty, Owner: admin, name: TestProduct34
2024-04-16 16:24:25,519 INFO main auth user: test_user2
2024-04-16 16:25:38,729 INFO main Create new query, Owner: admin, landlord: test_user2, Realty: Realty4
2024-04-16 16:26:02,656 INFO main Delete realty, Owner: admin, name: Realty4
2024-04-16 16:48:36,867 INFO main logout user: admin
2024-04-16 16:48:43,293 INFO main auth user: admin
2024-04-16 17:20:42,852 INFO main Create new realty, name: Agency_realty3
2024-04-16 17:23:15,383 INFO main Create new realty, name: Agency_realty3
2024-04-16 17:27:12,401 INFO main Create new realty, name: realty1000
2024-04-16 17:31:19,499 INFO main Create new realty, name: Agency_realty4
2024-04-17 14:40:43,725 ERROR main Can't create realty
2024-04-17 14:42:13,006 ERROR main Can't create realty, type ex: <class 'django.db.utils.IntegrityError'>
2024-04-17 14:42:33,046 ERROR main Can't create realty, type ex: <class 'django.db.utils.IntegrityError'> ('UNIQUE constraint failed: agency_realty.slug',)
2024-04-17 15:02:16,036 INFO main Register employee: admin
2024-04-17 15:16:13,713 INFO main Register employee: Employee4
2024-04-17 15:19:21,324 INFO main Register employee: Employee4
2024-04-17 15:20:46,707 INFO main Register employee: Employee4
2024-04-17 15:45:41,527 INFO main Register employee: Employee4
2024-04-17 15:52:53,110 INFO main logout user: admin
2024-04-17 15:56:55,090 INFO main Register employee: Employee4
2024-04-17 16:00:23,519 INFO main auth user: admin5
2024-04-17 16:23:38,696 INFO main logout user: admin
2024-04-17 16:23:45,645 INFO main auth user: test_user2
2024-04-17 16:24:16,226 INFO main Delete realty, Owner: test_user2, name: realty1000
2024-04-17 16:26:16,423 INFO main Create new realty, name: User_realty1
2024-04-17 16:36:59,456 INFO main Create new query, Owner: Employee5, landlord: test_user2, Realty: Agency_realty
2024-04-17 16:39:11,283 INFO main Delete query, Owner: Employee5, name: Agency_realty
2024-04-17 16:39:20,760 INFO main Create new query, Owner: Employee5, landlord: test_user2, Realty: Agency_realty
2024-04-17 16:39:34,437 INFO main Delete query, Owner: Employee5, name: Agency_realty
2024-04-17 18:12:03,513 INFO main Create new query, Owner: Employee5, landlord: test_user2, Realty: Agency_realty
2024-04-17 18:18:23,524 INFO main Accept query, Owner: Employee5, landlord: test_user2, Realty: Agency_realty
2024-04-17 19:31:45,314 INFO main logout user: admin
2024-04-17 19:33:54,650 INFO main logout user: admin
2024-04-17 19:35:04,701 INFO main auth user: Employee5
2024-04-17 19:35:42,521 INFO main auth user: test_user2
2024-04-17 22:30:19,458 INFO main logout user: Employee5
2024-04-17 22:31:13,174 INFO main logout user: admin
2024-04-17 22:31:27,810 INFO main auth user: test_user
2024-04-17 22:31:59,908 INFO main Create new query, Owner: test_user, landlord: test_user2, Realty: Realty7
2024-04-17 22:32:23,884 INFO main Accept query, Owner: test_user, landlord: test_user2, Realty: Realty7
2024-04-17 22:37:58,866 INFO main Create new query, Owner: test_user, landlord: test_user2, Realty: CHECHULAU1
2024-04-17 22:38:28,160 INFO main Accept query, Owner: test_user, landlord: test_user2, Realty: CHECHULAU1
2024-04-17 22:45:53,140 INFO main Create new realty, name: user_realty6
2024-04-17 22:47:23,748 INFO main Create new query, Owner: test_user, landlord: test_user2, Realty: user_realty6
2024-04-17 22:47:34,751 INFO main Accept query, Owner: test_user, landlord: test_user2, Realty: user_realty6
2024-04-17 22:54:42,200 INFO main Accept query, Owner: test_user, landlord: test_user2, Realty: user_realty6
2024-04-17 22:57:30,685 INFO main Accept query, Owner: test_user, landlord: test_user2, Realty: user_realty6
2024-04-17 23:03:00,766 INFO main Accept query, Owner: test_user, landlord: test_user2, Realty: user_realty6
2024-04-17 23:13:03,661 INFO main Accept query, Owner: test_user, landlord: test_user2, Realty: user_realty6
2024-04-17 23:14:39,525 INFO main Accept query, Owner: test_user, landlord: test_user2, Realty: user_realty6
2024-04-17 23:15:28,113 INFO main Accept query, Owner: test_user, landlord: test_user2, Realty: user_realty6
2024-04-17 23:17:48,391 INFO main Accept query, Owner: test_user, landlord: test_user2, Realty: user_realty6
2024-04-17 23:19:08,435 INFO main Accept query, Owner: test_user, landlord: test_user2, Realty: user_realty6
2024-04-17 23:19:20,624 INFO main Accept query, Owner: test_user, landlord: test_user2, Realty: user_realty6
2024-04-17 23:19:37,089 INFO main Buy accept query, Owner: test_user, landlord: test_user2, Realty: user_realty6
2024-04-17 23:23:46,667 INFO main Create new realty, name: user_realty7
2024-04-17 23:24:09,930 INFO main logout user: admin
2024-04-17 23:24:12,611 INFO main auth user: test_user2
2024-04-17 23:24:23,584 INFO main Create new query, Owner: test_user, landlord: test_user2, Realty: user_realty7
2024-04-17 23:24:33,636 INFO main Accept query, Owner: test_user, landlord: test_user2, Realty: user_realty7
2024-04-17 23:25:01,587 INFO main Buy accept query, Owner: test_user, landlord: test_user2, Realty: user_realty7
2024-04-17 23:25:26,617 INFO main logout user: test_user
2024-04-17 23:25:35,317 INFO main auth user: admin
2024-04-17 23:28:10,356 INFO main logout user: admin
2024-04-17 23:28:25,132 INFO main auth user: Employee5
2024-04-17 23:28:46,539 INFO main Create new query, Owner: Employee5, landlord: test_user2, Realty: CHECHULAU3
2024-04-17 23:29:10,402 INFO main Accept query, Owner: Employee5, landlord: test_user2, Realty: CHECHULAU3
2024-04-17 23:31:12,248 INFO main Accept query, Owner: Employee5, landlord: test_user2, Realty: CHECHULAU3
2024-04-17 23:33:04,958 INFO main Create new query, Owner: Employee5, landlord: test_user2, Realty: CHECHULAU3
2024-04-17 23:33:19,344 INFO main Accept query, Owner: Employee5, landlord: test_user2, Realty: CHECHULAU3
2024-04-17 23:36:31,635 INFO main Create new query, Owner: Employee5, landlord: test_user2, Realty: Agency_realty4
2024-04-17 23:46:49,305 INFO main Accept query, Owner: Employee5, landlord: test_user2, Realty: Agency_realty4
2024-04-18 10:48:28,015 INFO main Create new query, Owner: Employee5, landlord: test_user2, Realty: Agency_realty3
2024-04-18 10:49:40,411 INFO main Accept query, Owner: Employee5, landlord: test_user2, Realty: Agency_realty3
2024-04-18 10:57:48,060 INFO main logout user: Employee5
2024-04-18 10:57:55,868 INFO main auth user: admin
2024-04-18 12:48:33,049 INFO main auth user: test_user2
2024-04-18 22:52:39,455 INFO main Create new realty, name: agency_realty12
2024-04-19 12:48:22,506 INFO main logout user: admin
2024-04-19 14:51:15,934 INFO main auth user: admin
2024-04-19 14:52:45,581 INFO main Create new realty, name: Agency_realty15
2024-04-20 13:00:36,925 ERROR main Don't find realty(realty slug: not_found)
